d:\blak-blak\consoleapplication1\consoleapplication1\debug\source.obj
d:\blak-blak\consoleapplication1\consoleapplication1\debug\vc110.pdb
f:\tugas sekolah\consoleapplication1\consoleapplication1\debug\source.obj
f:\tugas sekolah\consoleapplication1\consoleapplication1\debug\vc110.pdb
f:\tugas sekolah\grafik simpel\consoleapplication1\debug\source.obj
f:\tugas sekolah\grafik simpel\consoleapplication1\debug\vc110.pdb
d:\sekolah\bahan pemrograman grafik\grafik simpel\consoleapplication1\debug\vc110.pdb
d:\blak-blak\consoleapplication1\debug\consoleapplication1.ilk
d:\blak-blak\consoleapplication1\debug\consoleapplication1.exe
d:\blak-blak\consoleapplication1\debug\consoleapplication1.pdb
f:\tugas sekolah\consoleapplication1\debug\consoleapplication1.ilk
f:\tugas sekolah\consoleapplication1\debug\consoleapplication1.exe
f:\tugas sekolah\consoleapplication1\debug\consoleapplication1.pdb
f:\tugas sekolah\grafik simpel\debug\consoleapplication1.ilk
f:\tugas sekolah\grafik simpel\debug\consoleapplication1.exe
f:\tugas sekolah\grafik simpel\debug\consoleapplication1.pdb
e:\learning\desktop\c++\2015\grafik simpel\consoleapplication1\debug\vc140.pdb
e:\learning\desktop\c++\2015\grafik simpel\consoleapplication1\debug\vc140.idb
e:\learning\desktop\c++\2015\grafik simpel\consoleapplication1\debug\source.obj
e:\learning\desktop\c++\2015\grafik simpel\debug\consoleapplication1.ilk
e:\learning\desktop\c++\2015\grafik simpel\debug\consoleapplication1.exe
e:\learning\desktop\c++\2015\grafik simpel\debug\consoleapplication1.pdb
e:\learning\desktop\c++\2015\grafik simpel\consoleapplication1\debug\cl.command.1.tlog
e:\learning\desktop\c++\2015\grafik simpel\consoleapplication1\debug\cl.read.1.tlog
e:\learning\desktop\c++\2015\grafik simpel\consoleapplication1\debug\cl.write.1.tlog
e:\learning\desktop\c++\2015\grafik simpel\consoleapplication1\debug\link-cvtres.read.1.tlog
e:\learning\desktop\c++\2015\grafik simpel\consoleapplication1\debug\link-cvtres.write.1.tlog
e:\learning\desktop\c++\2015\grafik simpel\consoleapplication1\debug\link-rc.read.1.tlog
e:\learning\desktop\c++\2015\grafik simpel\consoleapplication1\debug\link-rc.write.1.tlog
e:\learning\desktop\c++\2015\grafik simpel\consoleapplication1\debug\link.6656-cvtres.read.1.tlog
e:\learning\desktop\c++\2015\grafik simpel\consoleapplication1\debug\link.6656-cvtres.write.1.tlog
e:\learning\desktop\c++\2015\grafik simpel\consoleapplication1\debug\link.6656-rc.read.1.tlog
e:\learning\desktop\c++\2015\grafik simpel\consoleapplication1\debug\link.6656-rc.write.1.tlog
e:\learning\desktop\c++\2015\grafik simpel\consoleapplication1\debug\link.6656.read.1.tlog
e:\learning\desktop\c++\2015\grafik simpel\consoleapplication1\debug\link.6656.write.1.tlog
e:\learning\desktop\c++\2015\grafik simpel\consoleapplication1\debug\link.command.1.tlog
e:\learning\desktop\c++\2015\grafik simpel\consoleapplication1\debug\link.read.1.tlog
e:\learning\desktop\c++\2015\grafik simpel\consoleapplication1\debug\link.write.1.tlog
e:\learning\desktop\c++\2015\grafik simpel\consoleapplication1\debug\vc110.idb
e:\learning\desktop\c++\2015\grafik simpel\consoleapplication1\debug\vc110.pdb
e:\learning\desktop\c++\2015\grafik simpel\consoleapplication1\debug\consolea.83c3b5c8.tlog\cl.command.1.tlog
e:\learning\desktop\c++\2015\grafik simpel\consoleapplication1\debug\consolea.83c3b5c8.tlog\cl.read.1.tlog
e:\learning\desktop\c++\2015\grafik simpel\consoleapplication1\debug\consolea.83c3b5c8.tlog\cl.write.1.tlog
e:\learning\desktop\c++\2015\grafik simpel\consoleapplication1\debug\consolea.83c3b5c8.tlog\link.read.1.tlog
e:\learning\desktop\c++\2015\grafik simpel\consoleapplication1\debug\consolea.83c3b5c8.tlog\link.write.1.tlog
e:\learning\desktop\c++\2015\grafik simpel\consoleapplication1\debug\consolea.83c3b5c8.tlog\link.command.1.tlog
